This is pdfTeX, Version 3.14159265-2.6-1.40.20 (MiKTeX 2.9.7200 64-bit) (preloaded format=pdflatex 2019.10.13)  29 FEB 2020 16:55
entering extended mode
**./thesis.tex
(thesis.tex
LaTeX2e <2019-10-01>
("C:\Users\Bill\AppData\Local\Programs\MiKTeX 2.9\tex/latex/base\book.cls"
Document Class: book 2019/08/27 v1.4j Standard LaTeX document class
("C:\Users\Bill\AppData\Local\Programs\MiKTeX 2.9\tex/latex/base\bk12.clo"
File: bk12.clo 2019/08/27 v1.4j Standard LaTeX file (size option)
)
\c@part=\count80
\c@chapter=\count81
\c@section=\count82
\c@subsection=\count83
\c@subsubsection=\count84
\c@paragraph=\count85
\c@subparagraph=\count86
\c@figure=\count87
\c@table=\count88
\abovecaptionskip=\skip41
\belowcaptionskip=\skip42
\bibindent=\dimen102
)
("C:\Users\Bill\AppData\Local\Programs\MiKTeX 2.9\tex/generic/babel\babel.sty"
Package: babel 2019/09/27 3.34 The Babel package

("C:\Users\Bill\AppData\Local\Programs\MiKTeX 2.9\tex/generic/babel\switch.def"
File: switch.def 2019/09/27 3.34 Babel switching mechanism
)
*************************************
* Local config file bblopts.cfg used
*
("C:\Users\Bill\AppData\Local\Programs\MiKTeX 2.9\tex/latex/arabi\bblopts.cfg"
File: bblopts.cfg 2005/09/08 v0.1 add Arabic and Farsi to "declared" options of
 babel
)
("C:\Users\Bill\AppData\Local\Programs\MiKTeX 2.9\tex/latex/babel-english\engli
sh.ldf"
Language: english 2017/06/06 v3.3r English support from the babel system

("C:\Users\Bill\AppData\Local\Programs\MiKTeX 2.9\tex/generic/babel\babel.def"
File: babel.def 2019/09/27 3.34 Babel common definitions
\babel@savecnt=\count89
\U@D=\dimen103

("C:\Users\Bill\AppData\Local\Programs\MiKTeX 2.9\tex/generic/babel\txtbabel.de
f")
\bbl@dirlevel=\count90
)
\l@canadian = a dialect from \language\l@american 
\l@australian = a dialect from \language\l@british 
\l@newzealand = a dialect from \language\l@british 
)
("C:\Users\Bill\AppData\Local\Programs\MiKTeX 2.9\tex/latex/babel-german\ngerma
n.ldf"
Language: ngerman 2018/12/08 v2.11 German support for babel (post-1996 orthogra
phy)

("C:\Users\Bill\AppData\Local\Programs\MiKTeX 2.9\tex/latex/babel-german\ngerma
nb.ldf"
Language: ngermanb 2018/12/08 v2.11 German support for babel (post-1996 orthogr
aphy)
Package babel Info: Making " an active character on input line 121.
))

Package babel Warning: Last declared language option is `english',
(babel)                but the last processed one was `ngerman'.
(babel)                The main language cannot be set as both a global
(babel)                and a package option. Use `main=english' as
(babel)                option. Reported on input line 567.

) ("C:\Users\Bill\AppData\Local\Programs\MiKTeX 2.9\tex/latex/base\fontenc.sty"
Package: fontenc 2018/08/11 v2.0j Standard LaTeX package
("C:\Users\Bill\AppData\Local\Programs\MiKTeX 2.9\tex/latex/base\t1enc.def"
File: t1enc.def 2018/08/11 v2.0j Standard LaTeX file
LaTeX Font Info:    Redeclaring font encoding T1 on input line 48.
))
("C:\Users\Bill\AppData\Local\Programs\MiKTeX 2.9\tex/latex/base\inputenc.sty"
Package: inputenc 2018/08/11 v1.3c Input encoding file
\inpenc@prehook=\toks14
\inpenc@posthook=\toks15

("C:\Users\Bill\AppData\Local\Programs\MiKTeX 2.9\tex/latex/base\latin1.def"
File: latin1.def 2018/08/11 v1.3c Input encoding file
))
("C:\Users\Bill\AppData\Local\Programs\MiKTeX 2.9\tex/latex/amsfonts\amsfonts.s
ty"
Package: amsfonts 2013/01/14 v3.01 Basic AMSFonts support
\@emptytoks=\toks16
\symAMSa=\mathgroup4
\symAMSb=\mathgroup5
LaTeX Font Info:    Redeclaring math symbol \hbar on input line 98.
LaTeX Font Info:    Overwriting math alphabet `\mathfrak' in version `bold'
(Font)                  U/euf/m/n --> U/euf/b/n on input line 106.
) ("C:\Users\Bill\AppData\Local\Programs\MiKTeX 2.9\tex/latex/float\float.sty"
Package: float 2001/11/08 v1.3d Float enhancements (AL)
\c@float@type=\count91
\float@exts=\toks17
\float@box=\box27
\@float@everytoks=\toks18
\@floatcapt=\box28
)
("C:\Users\Bill\AppData\Local\Programs\MiKTeX 2.9\tex/latex/amsmath\amsmath.sty
"
Package: amsmath 2019/04/01 v2.17c AMS math features
\@mathmargin=\skip43

For additional information on amsmath, use the `?' option.
("C:\Users\Bill\AppData\Local\Programs\MiKTeX 2.9\tex/latex/amsmath\amstext.sty
"
Package: amstext 2000/06/29 v2.01 AMS text
 ("C:\Users\Bill\AppData\Local\Programs\MiKTeX 2.9\tex/latex/amsmath\amsgen.sty
"
File: amsgen.sty 1999/11/30 v2.0 generic functions
\@emptytoks=\toks19
\ex@=\dimen104
))
("C:\Users\Bill\AppData\Local\Programs\MiKTeX 2.9\tex/latex/amsmath\amsbsy.sty"
Package: amsbsy 1999/11/29 v1.2d Bold Symbols
\pmbraise@=\dimen105
) ("C:\Users\Bill\AppData\Local\Programs\MiKTeX 2.9\tex/latex/amsmath\amsopn.st
y"
Package: amsopn 2016/03/08 v2.02 operator names
)
\inf@bad=\count92
LaTeX Info: Redefining \frac on input line 227.
\uproot@=\count93
\leftroot@=\count94
LaTeX Info: Redefining \overline on input line 389.
\classnum@=\count95
\DOTSCASE@=\count96
LaTeX Info: Redefining \ldots on input line 486.
LaTeX Info: Redefining \dots on input line 489.
LaTeX Info: Redefining \cdots on input line 610.
\Mathstrutbox@=\box29
\strutbox@=\box30
\big@size=\dimen106
LaTeX Font Info:    Redeclaring font encoding OML on input line 733.
LaTeX Font Info:    Redeclaring font encoding OMS on input line 734.
\macc@depth=\count97
\c@MaxMatrixCols=\count98
\dotsspace@=\muskip10
\c@parentequation=\count99
\dspbrk@lvl=\count100
\tag@help=\toks20
\row@=\count101
\column@=\count102
\maxfields@=\count103
\andhelp@=\toks21
\eqnshift@=\dimen107
\alignsep@=\dimen108
\tagshift@=\dimen109
\tagwidth@=\dimen110
\totwidth@=\dimen111
\lineht@=\dimen112
\@envbody=\toks22
\multlinegap=\skip44
\multlinetaggap=\skip45
\mathdisplay@stack=\toks23
LaTeX Info: Redefining \[ on input line 2855.
LaTeX Info: Redefining \] on input line 2856.
)
("C:\Users\Bill\AppData\Local\Programs\MiKTeX 2.9\tex/latex/base\latexsym.sty"
Package: latexsym 1998/08/17 v2.2e Standard LaTeX package (lasy symbols)
\symlasy=\mathgroup6
LaTeX Font Info:    Overwriting symbol font `lasy' in version `bold'
(Font)                  U/lasy/m/n --> U/lasy/b/n on input line 52.
)
("C:\Users\Bill\AppData\Local\Programs\MiKTeX 2.9\tex/latex/amsfonts\amssymb.st
y"
Package: amssymb 2013/01/14 v3.01 AMS font symbols
)
("C:\Users\Bill\AppData\Local\Programs\MiKTeX 2.9\tex/latex/graphics\epsfig.sty
"
Package: epsfig 2017/06/25 v1.7b (e)psfig emulation (SPQR)

("C:\Users\Bill\AppData\Local\Programs\MiKTeX 2.9\tex/latex/graphics\graphicx.s
ty"
Package: graphicx 2017/06/01 v1.1a Enhanced LaTeX Graphics (DPC,SPQR)

("C:\Users\Bill\AppData\Local\Programs\MiKTeX 2.9\tex/latex/graphics\keyval.sty
"
Package: keyval 2014/10/28 v1.15 key=value parser (DPC)
\KV@toks@=\toks24
)
("C:\Users\Bill\AppData\Local\Programs\MiKTeX 2.9\tex/latex/graphics\graphics.s
ty"
Package: graphics 2019/07/20 v1.3b Standard LaTeX Graphics (DPC,SPQR)

("C:\Users\Bill\AppData\Local\Programs\MiKTeX 2.9\tex/latex/graphics\trig.sty"
Package: trig 2016/01/03 v1.10 sin cos tan (DPC)
)
("C:\Users\Bill\AppData\Local\Programs\MiKTeX 2.9\tex/latex/graphics-cfg\graphi
cs.cfg"
File: graphics.cfg 2016/06/04 v1.11 sample graphics configuration
)
Package graphics Info: Driver file: pdftex.def on input line 105.

("C:\Users\Bill\AppData\Local\Programs\MiKTeX 2.9\tex/latex/graphics-def\pdftex
.def"
File: pdftex.def 2018/01/08 v1.0l Graphics/color driver for pdftex
))
\Gin@req@height=\dimen113
\Gin@req@width=\dimen114
)
\epsfxsize=\dimen115
\epsfysize=\dimen116
)
("C:\Users\Bill\AppData\Local\Programs\MiKTeX 2.9\tex/latex/moreverb\moreverb.s
ty"
Package: moreverb 2008/06/03 v2.3a `more' verbatim facilities

("C:\Users\Bill\AppData\Local\Programs\MiKTeX 2.9\tex/latex/tools\verbatim.sty"
Package: verbatim 2014/10/28 v1.5q LaTeX2e package for verbatim enhancements
\every@verbatim=\toks25
\verbatim@line=\toks26
\verbatim@in@stream=\read1
)
\tab@position=\count104
\tab@size=\count105
\listing@line=\count106
)
("C:\Users\Bill\AppData\Local\Programs\MiKTeX 2.9\tex/latex/graphics\rotating.s
ty"
Package: rotating 2016/08/11 v2.16d rotated objects in LaTeX
 ("C:\Users\Bill\AppData\Local\Programs\MiKTeX 2.9\tex/latex/base\ifthen.sty"
Package: ifthen 2014/09/29 v1.1c Standard LaTeX ifthen package (DPC)
)
\c@r@tfl@t=\count107
\rotFPtop=\skip46
\rotFPbot=\skip47
\rot@float@box=\box31
\rot@mess@toks=\toks27
)
("C:\Users\Bill\AppData\Local\Programs\MiKTeX 2.9\tex/latex/tools\enumerate.sty
"
Package: enumerate 2015/07/23 v3.00 enumerate extensions (DPC)
\@enLab=\toks28
)
("C:\Users\Bill\AppData\Local\Programs\MiKTeX 2.9\tex/latex/wrapfig\wrapfig.sty
"
\wrapoverhang=\dimen117
\WF@size=\dimen118
\c@WF@wrappedlines=\count108
\WF@box=\box32
\WF@everypar=\toks29
Package: wrapfig 2003/01/31  v 3.6
)
("C:\Users\Bill\AppData\Local\Programs\MiKTeX 2.9\tex/latex/fancybox\fancybox.s
ty"
Package: fancybox 2010/05/15 1.4

Style option: `fancybox' v1.4 <2010/05/15> (tvz)
\@fancybox=\box33
\shadowsize=\dimen119
\@Sbox=\box34
\do@VerbBox=\toks30
\the@fancyput=\toks31
\this@fancyput=\toks32
\EndVerbatimTokens=\toks33
\Verbatim@Outfile=\write3
\Verbatim@Infile=\read2
)
("C:\Users\Bill\AppData\Local\Programs\MiKTeX 2.9\tex/latex/picinpar\picinpar.s
ty"
Pictures in Paragraphs. Version 1.2a, July 13, 1993
\br=\count109
\bl=\count110
\na=\count111
\nb=\count112
\tcdsav=\count113
\tcl=\count114
\tcd=\count115
\tcn=\count116
\cumtcl=\count117
\cumpartcl=\count118
\lftside=\dimen120
\rtside=\dimen121
\hpic=\dimen122
\vpic=\dimen123
\strutilg=\dimen124
\picwd=\dimen125
\topheight=\dimen126
\ilg=\dimen127
\lpic=\dimen128
\lwindowsep=\dimen129
\rwindowsep=\dimen130
\cumpar=\dimen131
\twa=\toks34
\la=\toks35
\ra=\toks36
\ha=\toks37
\pictoc=\toks38
\rawtext=\box35
\holder=\box36
\windowbox=\box37
\wartext=\box38
\finaltext=\box39
\aslice=\box40
\bslice=\box41
\wbox=\box42
\wstrutbox=\box43
\picbox=\box44
\waslice=\box45
\wbslice=\box46
\fslice=\box47
) ("C:\Users\Bill\AppData\Local\Programs\MiKTeX 2.9\tex/latex/tools\varioref.st
y"
Package: varioref 2019/09/08 v1.6b package for extended references (FMi)
\c@vrcnt=\count119
)
("C:\Users\Bill\AppData\Local\Programs\MiKTeX 2.9\tex/latex/floatflt\floatflt.s
ty"
Package: floatflt 1997/07/16 v. 1.31
\c@OptionTest=\count120
\figbox=\box48
\tabbox=\box49
\pagebox=\box50
\ffigcount=\count121
\ftabcount=\count122
\fftest=\count123
\hangcount=\count124
\nosuccesstryfig=\count125
\nosuccesstrytab=\count126
\figgutter=\dimen132
\tabgutter=\dimen133
\htdone=\dimen134
\pageht=\dimen135
\startpageht=\dimen136
\tabbredd=\dimen137
\floatfltwidth=\dimen138
\fltitemwidth=\dimen139
\outputpretest=\toks39
) ("C:\Users\Bill\AppData\Local\Programs\MiKTeX 2.9\tex/latex/ae\ae.sty"
Package: ae 2001/02/12 1.3 Almost European Computer Modern

("C:\Users\Bill\AppData\Local\Programs\MiKTeX 2.9\tex/latex/base\fontenc.sty"
Package: fontenc 2018/08/11 v2.0j Standard LaTeX package

("C:\Users\Bill\AppData\Local\Programs\MiKTeX 2.9\tex/latex/base\t1enc.def"
File: t1enc.def 2018/08/11 v2.0j Standard LaTeX file
LaTeX Font Info:    Redeclaring font encoding T1 on input line 48.
)
LaTeX Font Info:    Trying to load font information for T1+aer on input line 10
5.

("C:\Users\Bill\AppData\Local\Programs\MiKTeX 2.9\tex/latex/ae\t1aer.fd"
File: t1aer.fd 1997/11/16 Font definitions for T1/aer.
)))
("C:\Users\Bill\AppData\Local\Programs\MiKTeX 2.9\tex/latex/tools\longtable.sty
"
Package: longtable 2019/02/06 v4.12 Multi-page Table package (DPC)
\LTleft=\skip48
\LTright=\skip49
\LTpre=\skip50
\LTpost=\skip51
\LTchunksize=\count127
\LTcapwidth=\dimen140
\LT@head=\box51
\LT@firsthead=\box52
\LT@foot=\box53
\LT@lastfoot=\box54
\LT@cols=\count128
\LT@rows=\count129
\c@LT@tables=\count130
\c@LT@chunks=\count131
\LT@p@ftn=\toks40
) ("C:\Users\Bill\AppData\Local\Programs\MiKTeX 2.9\tex/latex/base\textcomp.sty
"
Package: textcomp 2018/08/11 v2.0j Standard LaTeX package
Package textcomp Info: Sub-encoding information:
(textcomp)               5 = only ISO-Adobe without \textcurrency
(textcomp)               4 = 5 + \texteuro
(textcomp)               3 = 4 + \textohm
(textcomp)               2 = 3 + \textestimated + \textcurrency
(textcomp)               1 = TS1 - \textcircled - \t
(textcomp)               0 = TS1 (full)
(textcomp)             Font families with sub-encoding setting implement
(textcomp)             only a restricted character set as indicated.
(textcomp)             Family '?' is the default used for unknown fonts.
(textcomp)             See the documentation for details.
Package textcomp Info: Setting ? sub-encoding to TS1/1 on input line 79.
 ("C:\Users\Bill\AppData\Local\Programs\MiKTeX 2.9\tex/latex/base\ts1enc.def"
File: ts1enc.def 2001/06/05 v3.0e (jk/car/fm) Standard LaTeX file
Now handling font encoding TS1 ...
... processing UTF-8 mapping file for font encoding TS1
("C:\Users\Bill\AppData\Local\Programs\MiKTeX 2.9\tex/latex/base\ts1enc.dfu"
File: ts1enc.dfu 2019/07/11 v1.2j UTF-8 support for inputenc
   defining Unicode char U+00A2 (decimal 162)
   defining Unicode char U+00A3 (decimal 163)
   defining Unicode char U+00A4 (decimal 164)
   defining Unicode char U+00A5 (decimal 165)
   defining Unicode char U+00A6 (decimal 166)
   defining Unicode char U+00A7 (decimal 167)
   defining Unicode char U+00A8 (decimal 168)
   defining Unicode char U+00A9 (decimal 169)
   defining Unicode char U+00AA (decimal 170)
   defining Unicode char U+00AC (decimal 172)
   defining Unicode char U+00AE (decimal 174)
   defining Unicode char U+00AF (decimal 175)
   defining Unicode char U+00B0 (decimal 176)
   defining Unicode char U+00B1 (decimal 177)
   defining Unicode char U+00B2 (decimal 178)
   defining Unicode char U+00B3 (decimal 179)
   defining Unicode char U+00B4 (decimal 180)
   defining Unicode char U+00B5 (decimal 181)
   defining Unicode char U+00B6 (decimal 182)
   defining Unicode char U+00B7 (decimal 183)
   defining Unicode char U+00B9 (decimal 185)
   defining Unicode char U+00BA (decimal 186)
   defining Unicode char U+00BC (decimal 188)
   defining Unicode char U+00BD (decimal 189)
   defining Unicode char U+00BE (decimal 190)
   defining Unicode char U+00D7 (decimal 215)
   defining Unicode char U+00F7 (decimal 247)
   defining Unicode char U+0192 (decimal 402)
   defining Unicode char U+02C7 (decimal 711)
   defining Unicode char U+02D8 (decimal 728)
   defining Unicode char U+02DD (decimal 733)
   defining Unicode char U+0E3F (decimal 3647)
   defining Unicode char U+2016 (decimal 8214)
   defining Unicode char U+2020 (decimal 8224)
   defining Unicode char U+2021 (decimal 8225)
   defining Unicode char U+2022 (decimal 8226)
   defining Unicode char U+2030 (decimal 8240)
   defining Unicode char U+2031 (decimal 8241)
   defining Unicode char U+203B (decimal 8251)
   defining Unicode char U+203D (decimal 8253)
   defining Unicode char U+2044 (decimal 8260)
   defining Unicode char U+204E (decimal 8270)
   defining Unicode char U+2052 (decimal 8274)
   defining Unicode char U+20A1 (decimal 8353)
   defining Unicode char U+20A4 (decimal 8356)
   defining Unicode char U+20A6 (decimal 8358)
   defining Unicode char U+20A9 (decimal 8361)
   defining Unicode char U+20AB (decimal 8363)
   defining Unicode char U+20AC (decimal 8364)
   defining Unicode char U+20B1 (decimal 8369)
   defining Unicode char U+2103 (decimal 8451)
   defining Unicode char U+2116 (decimal 8470)
   defining Unicode char U+2117 (decimal 8471)
   defining Unicode char U+211E (decimal 8478)
   defining Unicode char U+2120 (decimal 8480)
   defining Unicode char U+2122 (decimal 8482)
   defining Unicode char U+2126 (decimal 8486)
   defining Unicode char U+2127 (decimal 8487)
   defining Unicode char U+212E (decimal 8494)
   defining Unicode char U+2190 (decimal 8592)
   defining Unicode char U+2191 (decimal 8593)
   defining Unicode char U+2192 (decimal 8594)
   defining Unicode char U+2193 (decimal 8595)
   defining Unicode char U+2329 (decimal 9001)
   defining Unicode char U+232A (decimal 9002)
   defining Unicode char U+2422 (decimal 9250)
   defining Unicode char U+25E6 (decimal 9702)
   defining Unicode char U+25EF (decimal 9711)
   defining Unicode char U+266A (decimal 9834)
   defining Unicode char U+27E8 (decimal 10216)
   defining Unicode char U+27E9 (decimal 10217)
   defining Unicode char U+FEFF (decimal 65279)
))
LaTeX Info: Redefining \oldstylenums on input line 334.
Package textcomp Info: Setting cmr sub-encoding to TS1/0 on input line 349.
Package textcomp Info: Setting cmss sub-encoding to TS1/0 on input line 350.
Package textcomp Info: Setting cmtt sub-encoding to TS1/0 on input line 351.
Package textcomp Info: Setting cmvtt sub-encoding to TS1/0 on input line 352.
Package textcomp Info: Setting cmbr sub-encoding to TS1/0 on input line 353.
Package textcomp Info: Setting cmtl sub-encoding to TS1/0 on input line 354.
Package textcomp Info: Setting ccr sub-encoding to TS1/0 on input line 355.
Package textcomp Info: Setting ptm sub-encoding to TS1/4 on input line 356.
Package textcomp Info: Setting pcr sub-encoding to TS1/4 on input line 357.
Package textcomp Info: Setting phv sub-encoding to TS1/4 on input line 358.
Package textcomp Info: Setting ppl sub-encoding to TS1/3 on input line 359.
Package textcomp Info: Setting pag sub-encoding to TS1/4 on input line 360.
Package textcomp Info: Setting pbk sub-encoding to TS1/4 on input line 361.
Package textcomp Info: Setting pnc sub-encoding to TS1/4 on input line 362.
Package textcomp Info: Setting pzc sub-encoding to TS1/4 on input line 363.
Package textcomp Info: Setting bch sub-encoding to TS1/4 on input line 364.
Package textcomp Info: Setting put sub-encoding to TS1/5 on input line 365.
Package textcomp Info: Setting uag sub-encoding to TS1/5 on input line 366.
Package textcomp Info: Setting ugq sub-encoding to TS1/5 on input line 367.
Package textcomp Info: Setting ul8 sub-encoding to TS1/4 on input line 368.
Package textcomp Info: Setting ul9 sub-encoding to TS1/4 on input line 369.
Package textcomp Info: Setting augie sub-encoding to TS1/5 on input line 370.
Package textcomp Info: Setting dayrom sub-encoding to TS1/3 on input line 371.
Package textcomp Info: Setting dayroms sub-encoding to TS1/3 on input line 372.

Package textcomp Info: Setting pxr sub-encoding to TS1/0 on input line 373.
Package textcomp Info: Setting pxss sub-encoding to TS1/0 on input line 374.
Package textcomp Info: Setting pxtt sub-encoding to TS1/0 on input line 375.
Package textcomp Info: Setting txr sub-encoding to TS1/0 on input line 376.
Package textcomp Info: Setting txss sub-encoding to TS1/0 on input line 377.
Package textcomp Info: Setting txtt sub-encoding to TS1/0 on input line 378.
Package textcomp Info: Setting lmr sub-encoding to TS1/0 on input line 379.
Package textcomp Info: Setting lmdh sub-encoding to TS1/0 on input line 380.
Package textcomp Info: Setting lmss sub-encoding to TS1/0 on input line 381.
Package textcomp Info: Setting lmssq sub-encoding to TS1/0 on input line 382.
Package textcomp Info: Setting lmvtt sub-encoding to TS1/0 on input line 383.
Package textcomp Info: Setting lmtt sub-encoding to TS1/0 on input line 384.
Package textcomp Info: Setting qhv sub-encoding to TS1/0 on input line 385.
Package textcomp Info: Setting qag sub-encoding to TS1/0 on input line 386.
Package textcomp Info: Setting qbk sub-encoding to TS1/0 on input line 387.
Package textcomp Info: Setting qcr sub-encoding to TS1/0 on input line 388.
Package textcomp Info: Setting qcs sub-encoding to TS1/0 on input line 389.
Package textcomp Info: Setting qpl sub-encoding to TS1/0 on input line 390.
Package textcomp Info: Setting qtm sub-encoding to TS1/0 on input line 391.
Package textcomp Info: Setting qzc sub-encoding to TS1/0 on input line 392.
Package textcomp Info: Setting qhvc sub-encoding to TS1/0 on input line 393.
Package textcomp Info: Setting futs sub-encoding to TS1/4 on input line 394.
Package textcomp Info: Setting futx sub-encoding to TS1/4 on input line 395.
Package textcomp Info: Setting futj sub-encoding to TS1/4 on input line 396.
Package textcomp Info: Setting hlh sub-encoding to TS1/3 on input line 397.
Package textcomp Info: Setting hls sub-encoding to TS1/3 on input line 398.
Package textcomp Info: Setting hlst sub-encoding to TS1/3 on input line 399.
Package textcomp Info: Setting hlct sub-encoding to TS1/5 on input line 400.
Package textcomp Info: Setting hlx sub-encoding to TS1/5 on input line 401.
Package textcomp Info: Setting hlce sub-encoding to TS1/5 on input line 402.
Package textcomp Info: Setting hlcn sub-encoding to TS1/5 on input line 403.
Package textcomp Info: Setting hlcw sub-encoding to TS1/5 on input line 404.
Package textcomp Info: Setting hlcf sub-encoding to TS1/5 on input line 405.
Package textcomp Info: Setting pplx sub-encoding to TS1/3 on input line 406.
Package textcomp Info: Setting pplj sub-encoding to TS1/3 on input line 407.
Package textcomp Info: Setting ptmx sub-encoding to TS1/4 on input line 408.
Package textcomp Info: Setting ptmj sub-encoding to TS1/4 on input line 409.
) ("C:\Users\Bill\AppData\Local\Programs\MiKTeX 2.9\tex/latex/url\url.sty"
\Urlmuskip=\muskip11
Package: url 2013/09/16  ver 3.4  Verb mode for urls, etc.
)
("C:\Users\Bill\AppData\Local\Programs\MiKTeX 2.9\tex/latex/breakcites\breakcit
es.sty")
("C:\Users\Bill\AppData\Local\Programs\MiKTeX 2.9\tex/latex/hyperref\hyperref.s
ty"
Package: hyperref 2019/09/28 v7.00a Hypertext links for LaTeX

("C:\Users\Bill\AppData\Local\Programs\MiKTeX 2.9\tex/generic/oberdiek\hobsub-h
yperref.sty"
Package: hobsub-hyperref 2016/05/16 v1.14 Bundle oberdiek, subset hyperref (HO)


("C:\Users\Bill\AppData\Local\Programs\MiKTeX 2.9\tex/generic/oberdiek\hobsub-g
eneric.sty"
Package: hobsub-generic 2016/05/16 v1.14 Bundle oberdiek, subset generic (HO)
Package: hobsub 2016/05/16 v1.14 Construct package bundles (HO)
Package: infwarerr 2016/05/16 v1.4 Providing info/warning/error messages (HO)
Package: ltxcmds 2016/05/16 v1.23 LaTeX kernel commands for general use (HO)
Package: ifluatex 2016/05/16 v1.4 Provides the ifluatex switch (HO)
Package ifluatex Info: LuaTeX not detected.
Package: ifvtex 2016/05/16 v1.6 Detect VTeX and its facilities (HO)
Package ifvtex Info: VTeX not detected.
Package: intcalc 2016/05/16 v1.2 Expandable calculations with integers (HO)
Package: ifpdf 2018/09/07 v3.3 Provides the ifpdf switch
Package: etexcmds 2016/05/16 v1.6 Avoid name clashes with e-TeX commands (HO)
Package: kvsetkeys 2016/05/16 v1.17 Key value parser (HO)
Package: kvdefinekeys 2016/05/16 v1.4 Define keys (HO)
Package: pdftexcmds 2019/07/25 v0.30 Utility functions of pdfTeX for LuaTeX (HO
)
Package pdftexcmds Info: LuaTeX not detected.
Package pdftexcmds Info: \pdf@primitive is available.
Package pdftexcmds Info: \pdf@ifprimitive is available.
Package pdftexcmds Info: \pdfdraftmode found.
Package: pdfescape 2016/05/16 v1.14 Implements pdfTeX's escape features (HO)
Package: bigintcalc 2016/05/16 v1.4 Expandable calculations on big integers (HO
)
Package: bitset 2016/05/16 v1.2 Handle bit-vector datatype (HO)
Package: uniquecounter 2016/05/16 v1.3 Provide unlimited unique counter (HO)
)
Package hobsub Info: Skipping package `hobsub' (already loaded).
Package: letltxmacro 2016/05/16 v1.5 Let assignment for LaTeX macros (HO)
Package: hopatch 2016/05/16 v1.3 Wrapper for package hooks (HO)
Package: xcolor-patch 2016/05/16 xcolor patch
Package: atveryend 2016/05/16 v1.9 Hooks at the very end of document (HO)
Package atveryend Info: \enddocument detected (standard20110627).
Package: atbegshi 2016/06/09 v1.18 At begin shipout hook (HO)
Package: refcount 2016/05/16 v3.5 Data extraction from label references (HO)
Package: hycolor 2016/05/16 v1.8 Color options for hyperref/bookmark (HO)
)
("C:\Users\Bill\AppData\Local\Programs\MiKTeX 2.9\tex/generic/ifxetex\ifxetex.s
ty"
Package: ifxetex 2010/09/12 v0.6 Provides ifxetex conditional
)
("C:\Users\Bill\AppData\Local\Programs\MiKTeX 2.9\tex/latex/oberdiek\auxhook.st
y"
Package: auxhook 2016/05/16 v1.4 Hooks for auxiliary files (HO)
)
("C:\Users\Bill\AppData\Local\Programs\MiKTeX 2.9\tex/latex/oberdiek\kvoptions.
sty"
Package: kvoptions 2016/05/16 v3.12 Key value format for package options (HO)
)
\@linkdim=\dimen141
\Hy@linkcounter=\count132
\Hy@pagecounter=\count133

("C:\Users\Bill\AppData\Local\Programs\MiKTeX 2.9\tex/latex/hyperref\pd1enc.def
"
File: pd1enc.def 2019/09/28 v7.00a Hyperref: PDFDocEncoding definition (HO)
Now handling font encoding PD1 ...
... no UTF-8 mapping file for font encoding PD1
)
\Hy@SavedSpaceFactor=\count134

("C:\Users\Bill\AppData\Local\Programs\MiKTeX 2.9\tex/latex/00miktex\hyperref.c
fg"
File: hyperref.cfg 2002/06/06 v1.2 hyperref configuration of TeXLive
)
Package hyperref Info: Hyper figures OFF on input line 4540.
Package hyperref Info: Link nesting OFF on input line 4545.
Package hyperref Info: Hyper index ON on input line 4548.
Package hyperref Info: Plain pages OFF on input line 4555.
Package hyperref Info: Backreferencing OFF on input line 4560.
Package hyperref Info: Implicit mode ON; LaTeX internals redefined.
Package hyperref Info: Bookmarks ON on input line 4793.
\c@Hy@tempcnt=\count135
LaTeX Info: Redefining \url on input line 5152.
\XeTeXLinkMargin=\dimen142
\Fld@menulength=\count136
\Field@Width=\dimen143
\Fld@charsize=\dimen144
Package hyperref Info: Hyper figures OFF on input line 6423.
Package hyperref Info: Link nesting OFF on input line 6428.
Package hyperref Info: Hyper index ON on input line 6431.
Package hyperref Info: backreferencing OFF on input line 6438.
Package hyperref Info: Link coloring OFF on input line 6443.
Package hyperref Info: Link coloring with OCG OFF on input line 6448.
Package hyperref Info: PDF/A mode OFF on input line 6453.
LaTeX Info: Redefining \ref on input line 6493.
LaTeX Info: Redefining \pageref on input line 6497.
\Hy@abspage=\count137
\c@Item=\count138
\c@Hfootnote=\count139
)
Package hyperref Info: Driver (autodetected): hpdftex.

("C:\Users\Bill\AppData\Local\Programs\MiKTeX 2.9\tex/latex/hyperref\hpdftex.de
f"
File: hpdftex.def 2019/09/28 v7.00a Hyperref driver for pdfTeX
\Fld@listcount=\count140
\c@bookmark@seq@number=\count141

("C:\Users\Bill\AppData\Local\Programs\MiKTeX 2.9\tex/latex/oberdiek\rerunfilec
heck.sty"
Package: rerunfilecheck 2016/05/16 v1.8 Rerun checks for auxiliary files (HO)
Package uniquecounter Info: New unique counter `rerunfilecheck' on input line 2
82.
)
\Hy@SectionHShift=\skip52
) (unizhdt.sty
("C:\Users\Bill\AppData\Local\Programs\MiKTeX 2.9\tex/latex/base\fontenc.sty"
Package: fontenc 2018/08/11 v2.0j Standard LaTeX package

("C:\Users\Bill\AppData\Local\Programs\MiKTeX 2.9\tex/latex/base\t1enc.def"
File: t1enc.def 2018/08/11 v2.0j Standard LaTeX file
LaTeX Font Info:    Redeclaring font encoding T1 on input line 48.
)))
("C:\Users\Bill\AppData\Local\Programs\MiKTeX 2.9\tex/latex/booktabs\booktabs.s
ty"
Package: booktabs 2019/10/08 v1.6180339 publication quality tables
\heavyrulewidth=\dimen145
\lightrulewidth=\dimen146
\cmidrulewidth=\dimen147
\belowrulesep=\dimen148
\belowbottomsep=\dimen149
\aboverulesep=\dimen150
\abovetopsep=\dimen151
\cmidrulesep=\dimen152
\cmidrulekern=\dimen153
\defaultaddspace=\dimen154
\@cmidla=\count142
\@cmidlb=\count143
\@aboverulesep=\dimen155
\@belowrulesep=\dimen156
\@thisruleclass=\count144
\@lastruleclass=\count145
\@thisrulewidth=\dimen157
)
("C:\Users\Bill\AppData\Local\Programs\MiKTeX 2.9\tex/latex/listings\listings.s
ty"
\lst@mode=\count146
\lst@gtempboxa=\box55
\lst@token=\toks41
\lst@length=\count147
\lst@currlwidth=\dimen158
\lst@column=\count148
\lst@pos=\count149
\lst@lostspace=\dimen159
\lst@width=\dimen160
\lst@newlines=\count150
\lst@lineno=\count151
\lst@maxwidth=\dimen161

("C:\Users\Bill\AppData\Local\Programs\MiKTeX 2.9\tex/latex/listings\lstmisc.st
y"
File: lstmisc.sty 2019/09/10 1.8c (Carsten Heinz)
\c@lstnumber=\count152
\lst@skipnumbers=\count153
\lst@framebox=\box56
)
("C:\Users\Bill\AppData\Local\Programs\MiKTeX 2.9\tex/latex/listings\listings.c
fg"
File: listings.cfg 2019/09/10 1.8c listings configuration
))
Package: listings 2019/09/10 1.8c (Carsten Heinz)

("C:\Users\Bill\AppData\Local\Programs\MiKTeX 2.9\tex/latex/xcolor\xcolor.sty"
Package: xcolor 2016/05/11 v2.12 LaTeX color extensions (UK)

("C:\Users\Bill\AppData\Local\Programs\MiKTeX 2.9\tex/latex/graphics-cfg\color.
cfg"
File: color.cfg 2016/01/02 v1.6 sample color configuration
)
Package xcolor Info: Driver file: pdftex.def on input line 225.
Package xcolor Info: Model `cmy' substituted by `cmy0' on input line 1348.
Package xcolor Info: Model `hsb' substituted by `rgb' on input line 1352.
Package xcolor Info: Model `RGB' extended on input line 1364.
Package xcolor Info: Model `HTML' substituted by `rgb' on input line 1366.
Package xcolor Info: Model `Hsb' substituted by `hsb' on input line 1367.
Package xcolor Info: Model `tHsb' substituted by `hsb' on input line 1368.
Package xcolor Info: Model `HSB' substituted by `hsb' on input line 1369.
Package xcolor Info: Model `Gray' substituted by `gray' on input line 1370.
Package xcolor Info: Model `wave' substituted by `hsb' on input line 1371.

("C:\Users\Bill\AppData\Local\Programs\MiKTeX 2.9\tex/latex/graphics\dvipsnam.d
ef"
File: dvipsnam.def 2016/06/17 v3.0m Driver-dependent file (DPC,SPQR)
)) (enumitem.sty
Package: enumitem 2019/06/20 v3.9 Customized lists
\labelindent=\skip53
\enit@outerparindent=\dimen162
\enit@toks=\toks42
\enit@inbox=\box57
\enit@count@id=\count154
\enitdp@description=\count155
)
("C:\Users\Bill\AppData\Local\Programs\MiKTeX 2.9\tex/latex/dirtree\dirtree.sty
"
Package: dirtree 2012/12/11 v0.32 package wrapper for dirtree

("C:\Users\Bill\AppData\Local\Programs\MiKTeX 2.9\tex/generic/dirtree\dirtree.t
ex" `dirtree' v0.32, 2012/12/11 (jcc)
\DT@offset=\dimen163
\DT@width=\dimen164
\DT@sep=\dimen165
\DT@all=\dimen166
\DT@rulewidth=\dimen167
\DT@dotwidth=\dimen168
\DTbaselineskip=\dimen169
\DT@counti=\count156
\DT@countii=\count157
\DT@countiii=\count158
\DT@countiv=\count159
\DT@indent=\dimen170
\DT@parskip=\dimen171
\DT@baselineskip=\dimen172
)
File: dirtree.tex 2012/12/11 v0.32 `dirtree' (jcc)
)
("C:\Users\Bill\AppData\Local\Programs\MiKTeX 2.9\tex/latex/tools\tabularx.sty"
Package: tabularx 2016/02/03 v2.11b `tabularx' package (DPC)
("C:\Users\Bill\AppData\Local\Programs\MiKTeX 2.9\tex/latex/tools\array.sty"
Package: array 2019/08/31 v2.4l Tabular extension package (FMi)
\col@sep=\dimen173
\ar@mcellbox=\box58
\extrarowheight=\dimen174
\NC@list=\toks43
\extratabsurround=\skip54
\backup@length=\skip55
\ar@cellbox=\box59
)
\TX@col@width=\dimen175
\TX@old@table=\dimen176
\TX@old@col=\dimen177
\TX@target=\dimen178
\TX@delta=\dimen179
\TX@cols=\count160
\TX@ftn=\toks44
)
("C:\Users\Bill\AppData\Local\Programs\MiKTeX 2.9\tex/latex/ragged2e\ragged2e.s
ty"
Package: ragged2e 2019/07/28 v2.2 ragged2e Package (MS)
 ("C:\Users\Bill\AppData\Local\Programs\MiKTeX 2.9\tex/latex/ms\everysel.sty"
Package: everysel 2011/10/28 v1.2 EverySelectfont Package (MS)
)
\CenteringLeftskip=\skip56
\RaggedLeftLeftskip=\skip57
\RaggedRightLeftskip=\skip58
\CenteringRightskip=\skip59
\RaggedLeftRightskip=\skip60
\RaggedRightRightskip=\skip61
\CenteringParfillskip=\skip62
\RaggedLeftParfillskip=\skip63
\RaggedRightParfillskip=\skip64
\JustifyingParfillskip=\skip65
\CenteringParindent=\skip66
\RaggedLeftParindent=\skip67
\RaggedRightParindent=\skip68
\JustifyingParindent=\skip69
)
("C:\Users\Bill\AppData\Local\Programs\MiKTeX 2.9\tex/latex/biblatex\biblatex.s
ty"
Package: biblatex 2019/08/31 v3.13a programmable bibliographies (PK/MW)

("C:\Users\Bill\AppData\Local\Programs\MiKTeX 2.9\tex/latex/etoolbox\etoolbox.s
ty"
Package: etoolbox 2019/09/21 v2.5h e-TeX tools for LaTeX (JAW)
\etb@tempcnta=\count161
)
("C:\Users\Bill\AppData\Local\Programs\MiKTeX 2.9\tex/latex/logreq\logreq.sty"
Package: logreq 2010/08/04 v1.0 xml request logger
\lrq@indent=\count162

("C:\Users\Bill\AppData\Local\Programs\MiKTeX 2.9\tex/latex/logreq\logreq.def"
File: logreq.def 2010/08/04 v1.0 logreq spec v1.0
))
\c@tabx@nest=\count163
\c@listtotal=\count164
\c@listcount=\count165
\c@liststart=\count166
\c@liststop=\count167
\c@citecount=\count168
\c@citetotal=\count169
\c@multicitecount=\count170
\c@multicitetotal=\count171
\c@instcount=\count172
\c@maxnames=\count173
\c@minnames=\count174
\c@maxitems=\count175
\c@minitems=\count176
\c@citecounter=\count177
\c@maxcitecounter=\count178
\c@savedcitecounter=\count179
\c@uniquelist=\count180
\c@uniquename=\count181
\c@refsection=\count182
\c@refsegment=\count183
\c@maxextratitle=\count184
\c@maxextratitleyear=\count185
\c@maxextraname=\count186
\c@maxextradate=\count187
\c@maxextraalpha=\count188
\c@abbrvpenalty=\count189
\c@highnamepenalty=\count190
\c@lownamepenalty=\count191
\c@maxparens=\count192
\c@parenlevel=\count193
\blx@tempcnta=\count194
\blx@tempcntb=\count195
\blx@tempcntc=\count196
\blx@maxsection=\count197
\blx@maxsegment@0=\count198
\blx@notetype=\count199
\blx@parenlevel@text=\count266
\blx@parenlevel@foot=\count267
\blx@sectionciteorder@0=\count268
\blx@entrysetcounter=\count269
\labelnumberwidth=\skip70
\labelalphawidth=\skip71
\biblabelsep=\skip72
\bibitemsep=\skip73
\bibnamesep=\skip74
\bibinitsep=\skip75
\bibparsep=\skip76
\bibhang=\skip77
\blx@bcfin=\read3
\blx@bcfout=\write4
\blx@langwohyphens=\language82
\c@mincomprange=\count270
\c@maxcomprange=\count271
\c@mincompwidth=\count272
Package biblatex Info: Trying to load biblatex default data model...
Package biblatex Info: ... file 'blx-dm.def' found.

("C:\Users\Bill\AppData\Local\Programs\MiKTeX 2.9\tex/latex/biblatex\blx-dm.def
"
File: blx-dm.def 2019/08/31 v3.13a biblatex localization (PK/MW)
)
Package biblatex Info: Trying to load biblatex style data model...
Package biblatex Info: ... file 'numeric.dbx' not found.
Package biblatex Info: Trying to load biblatex custom data model...
Package biblatex Info: ... file 'biblatex-dm.cfg' not found.
\c@afterword=\count273
\c@savedafterword=\count274
\c@annotator=\count275
\c@savedannotator=\count276
\c@author=\count277
\c@savedauthor=\count278
\c@bookauthor=\count279
\c@savedbookauthor=\count280
\c@commentator=\count281
\c@savedcommentator=\count282
\c@editor=\count283
\c@savededitor=\count284
\c@editora=\count285
\c@savededitora=\count286
\c@editorb=\count287
\c@savededitorb=\count288
\c@editorc=\count289
\c@savededitorc=\count290
\c@foreword=\count291
\c@savedforeword=\count292
\c@holder=\count293
\c@savedholder=\count294
\c@introduction=\count295
\c@savedintroduction=\count296
\c@namea=\count297
\c@savednamea=\count298
\c@nameb=\count299
\c@savednameb=\count300
\c@namec=\count301
\c@savednamec=\count302
\c@translator=\count303
\c@savedtranslator=\count304
\c@shortauthor=\count305
\c@savedshortauthor=\count306
\c@shorteditor=\count307
\c@savedshorteditor=\count308
\c@labelname=\count309
\c@savedlabelname=\count310
\c@institution=\count311
\c@savedinstitution=\count312
\c@lista=\count313
\c@savedlista=\count314
\c@listb=\count315
\c@savedlistb=\count316
\c@listc=\count317
\c@savedlistc=\count318
\c@listd=\count319
\c@savedlistd=\count320
\c@liste=\count321
\c@savedliste=\count322
\c@listf=\count323
\c@savedlistf=\count324
\c@location=\count325
\c@savedlocation=\count326
\c@organization=\count327
\c@savedorganization=\count328
\c@origlocation=\count329
\c@savedoriglocation=\count330
\c@origpublisher=\count331
\c@savedorigpublisher=\count332
\c@publisher=\count333
\c@savedpublisher=\count334
\c@language=\count335
\c@savedlanguage=\count336
\c@origlanguage=\count337
\c@savedoriglanguage=\count338
\c@pageref=\count339
\c@savedpageref=\count340
\shorthandwidth=\skip78
\shortjournalwidth=\skip79
\shortserieswidth=\skip80
\shorttitlewidth=\skip81
\shortauthorwidth=\skip82
\shorteditorwidth=\skip83
\locallabelnumberwidth=\skip84
\locallabelalphawidth=\skip85
\localshorthandwidth=\skip86
\localshortjournalwidth=\skip87
\localshortserieswidth=\skip88
\localshorttitlewidth=\skip89
\localshortauthorwidth=\skip90
\localshorteditorwidth=\skip91
Package biblatex Info: Trying to load compatibility code...
Package biblatex Info: ... file 'blx-compat.def' found.

("C:\Users\Bill\AppData\Local\Programs\MiKTeX 2.9\tex/latex/biblatex\blx-compat
.def"
File: blx-compat.def 2019/08/31 v3.13a biblatex compatibility (PK/MW)
)
Package biblatex Info: Trying to load generic definitions...
Package biblatex Info: ... file 'biblatex.def' found.

("C:\Users\Bill\AppData\Local\Programs\MiKTeX 2.9\tex/latex/biblatex\biblatex.d
ef"
File: biblatex.def 2019/08/31 v3.13a biblatex compatibility (PK/MW)
\c@textcitecount=\count341
\c@textcitetotal=\count342
\c@textcitemaxnames=\count343
\c@biburlbigbreakpenalty=\count344
\c@biburlbreakpenalty=\count345
\c@biburlnumpenalty=\count346
\c@biburlucpenalty=\count347
\c@biburllcpenalty=\count348
\biburlbigskip=\muskip12
\biburlnumskip=\muskip13
\biburlucskip=\muskip14
\biburllcskip=\muskip15
\c@smartand=\count349
)
Package biblatex Info: Trying to load bibliography style 'numeric'...
Package biblatex Info: ... file 'numeric.bbx' found.

("C:\Users\Bill\AppData\Local\Programs\MiKTeX 2.9\tex/latex/biblatex/bbx\numeri
c.bbx"
File: numeric.bbx 2019/08/31 v3.13a biblatex bibliography style (PK/MW)
Package biblatex Info: Trying to load bibliography style 'standard'...
Package biblatex Info: ... file 'standard.bbx' found.

("C:\Users\Bill\AppData\Local\Programs\MiKTeX 2.9\tex/latex/biblatex/bbx\standa
rd.bbx"
File: standard.bbx 2019/08/31 v3.13a biblatex bibliography style (PK/MW)
\c@bbx:relatedcount=\count350
\c@bbx:relatedtotal=\count351
))
Package biblatex Info: Trying to load citation style 'numeric'...
Package biblatex Info: ... file 'numeric.cbx' found.

("C:\Users\Bill\AppData\Local\Programs\MiKTeX 2.9\tex/latex/biblatex/cbx\numeri
c.cbx"
File: numeric.cbx 2019/08/31 v3.13a biblatex citation style (PK/MW)
Package biblatex Info: Redefining '\cite'.
Package biblatex Info: Redefining '\parencite'.
Package biblatex Info: Redefining '\footcite'.
Package biblatex Info: Redefining '\footcitetext'.
Package biblatex Info: Redefining '\smartcite'.
Package biblatex Info: Redefining '\supercite'.
Package biblatex Info: Redefining '\textcite'.
Package biblatex Info: Redefining '\textcites'.
Package biblatex Info: Redefining '\cites'.
Package biblatex Info: Redefining '\parencites'.
Package biblatex Info: Redefining '\smartcites'.
)
Package biblatex Info: Trying to load configuration file...
Package biblatex Info: ... file 'biblatex.cfg' found.

("C:\Users\Bill\AppData\Local\Programs\MiKTeX 2.9\tex/latex/biblatex\biblatex.c
fg"
File: biblatex.cfg 
))
("C:\Users\Bill\AppData\Local\Programs\MiKTeX 2.9\tex/latex/caption\caption.sty
"
Package: caption 2020/01/03 v3.4h Customizing captions (AR)

("C:\Users\Bill\AppData\Local\Programs\MiKTeX 2.9\tex/latex/caption\caption3.st
y"
Package: caption3 2020/01/03 v1.8h caption3 kernel (AR)
Package caption3 Info: TeX engine: e-TeX on input line 61.
\captionmargin=\dimen180
\captionmargin@=\dimen181
\captionwidth=\dimen182
\caption@tempdima=\dimen183
\caption@indent=\dimen184
\caption@parindent=\dimen185
\caption@hangindent=\dimen186
Package caption Info: Standard document class detected.
)
\c@caption@flags=\count352
\c@continuedfloat=\count353
Package caption Info: float package is loaded.
Package caption Info: floatflt package is loaded.
Package caption Info: hyperref package is loaded.
Package caption Info: listings package is loaded.
Package caption Info: longtable package is loaded.

("C:\Users\Bill\AppData\Local\Programs\MiKTeX 2.9\tex/latex/caption\ltcaption.s
ty"
Package: ltcaption 2018/08/26 v1.4a longtable captions (AR)
)
Package caption Info: picinpar package is loaded.
Package caption Info: rotating package is loaded.
Package caption Info: wrapfig package is loaded.
) (listingstyles.tex)
Package biblatex Info: Trying to load language 'ngerman'...
Package biblatex Info: ... file 'ngerman.lbx' found.

("C:\Users\Bill\AppData\Local\Programs\MiKTeX 2.9\tex/latex/biblatex/lbx\ngerma
n.lbx"
File: ngerman.lbx 2019/08/31 v3.13a biblatex localization (PK/MW)
Package biblatex Info: Trying to load language 'german'...
Package biblatex Info: ... file 'german.lbx' found.

("C:\Users\Bill\AppData\Local\Programs\MiKTeX 2.9\tex/latex/biblatex/lbx\german
.lbx"
File: german.lbx 2019/08/31 v3.13a biblatex localization (PK/MW)
)
Package biblatex Info: Trying to load language 'german'...
Package biblatex Info: ... file 'german.lbx' found.

("C:\Users\Bill\AppData\Local\Programs\MiKTeX 2.9\tex/latex/biblatex/lbx\german
.lbx"
File: german.lbx 2019/08/31 v3.13a biblatex localization (PK/MW)
))
Package biblatex Info: Trying to load language 'english'...
Package biblatex Info: ... file 'english.lbx' found.

("C:\Users\Bill\AppData\Local\Programs\MiKTeX 2.9\tex/latex/biblatex/lbx\englis
h.lbx"
File: english.lbx 2019/08/31 v3.13a biblatex localization (PK/MW)
)

Package biblatex Warning: 'babel/polyglossia' detected but 'csquotes' missing.
(biblatex)                Loading 'csquotes' recommended.

\@quotelevel=\count354
\@quotereset=\count355
(thesis.aux)
\openout1 = `thesis.aux'.

LaTeX Font Info:    Checking defaults for OML/cmm/m/it on input line 50.
LaTeX Font Info:    ... okay on input line 50.
LaTeX Font Info:    Checking defaults for T1/cmr/m/n on input line 50.
LaTeX Font Info:    ... okay on input line 50.
LaTeX Font Info:    Checking defaults for OT1/cmr/m/n on input line 50.
LaTeX Font Info:    ... okay on input line 50.
LaTeX Font Info:    Checking defaults for OMS/cmsy/m/n on input line 50.
LaTeX Font Info:    ... okay on input line 50.
LaTeX Font Info:    Checking defaults for OMX/cmex/m/n on input line 50.
LaTeX Font Info:    ... okay on input line 50.
LaTeX Font Info:    Checking defaults for U/cmr/m/n on input line 50.
LaTeX Font Info:    ... okay on input line 50.
LaTeX Font Info:    Checking defaults for TS1/cmr/m/n on input line 50.
LaTeX Font Info:    Trying to load font information for TS1+cmr on input line 5
0.

("C:\Users\Bill\AppData\Local\Programs\MiKTeX 2.9\tex/latex/base\ts1cmr.fd"
File: ts1cmr.fd 2014/09/29 v2.5h Standard LaTeX font definitions
)
LaTeX Font Info:    ... okay on input line 50.
LaTeX Font Info:    Checking defaults for PD1/pdf/m/n on input line 50.
LaTeX Font Info:    ... okay on input line 50.

("C:\Users\Bill\AppData\Local\Programs\MiKTeX 2.9\tex/context/base/mkii\supp-pd
f.mkii"
[Loading MPS to PDF converter (version 2006.09.02).]
\scratchcounter=\count356
\scratchdimen=\dimen187
\scratchbox=\box60
\nofMPsegments=\count357
\nofMParguments=\count358
\everyMPshowfont=\toks45
\MPscratchCnt=\count359
\MPscratchDim=\dimen188
\MPnumerator=\count360
\makeMPintoPDFobject=\count361
\everyMPtoPDFconversion=\toks46
)
("C:\Users\Bill\AppData\Local\Programs\MiKTeX 2.9\tex/latex/oberdiek\epstopdf-b
ase.sty"
Package: epstopdf-base 2016/05/15 v2.6 Base part for package epstopdf

("C:\Users\Bill\AppData\Local\Programs\MiKTeX 2.9\tex/latex/oberdiek\grfext.sty
"
Package: grfext 2016/05/16 v1.2 Manage graphics extensions (HO)
)
Package epstopdf-base Info: Redefining graphics rule for `.eps' on input line 4
38.
Package grfext Info: Graphics extension search list:
(grfext)             [.pdf,.png,.jpg,.mps,.jpeg,.jbig2,.jb2,.PDF,.PNG,.JPG,.JPE
G,.JBIG2,.JB2,.eps]
(grfext)             \AppendGraphicsExtensions on input line 456.
)
\AtBeginShipoutBox=\box61
Package hyperref Info: Link coloring OFF on input line 50.

("C:\Users\Bill\AppData\Local\Programs\MiKTeX 2.9\tex/latex/hyperref\nameref.st
y"
Package: nameref 2019/09/16 v2.46 Cross-referencing by name of section

("C:\Users\Bill\AppData\Local\Programs\MiKTeX 2.9\tex/generic/oberdiek\gettitle
string.sty"
Package: gettitlestring 2016/05/16 v1.5 Cleanup title references (HO)
)
\c@section@level=\count362
LaTeX Info: Redefining \Ref on input line 520.
)
LaTeX Info: Redefining \ref on input line 50.
LaTeX Info: Redefining \pageref on input line 50.
LaTeX Info: Redefining \nameref on input line 50.
 (thesis.out) (thesis.out)
\@outlinefile=\write5
\openout5 = `thesis.out'.

LaTeX Info: Redefining \Ref on input line 50.
\c@lstlisting=\count363

ABD: EverySelectfont initializing macros
LaTeX Info: Redefining \selectfont on input line 50.
Package biblatex Info: Input encoding 'latin1' detected.
Package biblatex Info: Automatic encoding selection.
(biblatex)             Assuming data encoding 'latin1'.
\openout4 = `thesis.bcf'.

Package biblatex Info: Trying to load bibliographic data...
Package biblatex Info: ... file 'thesis.bbl' found.
 (thesis.bbl)
Package biblatex Info: Reference section=0 on input line 50.
Package biblatex Info: Reference segment=0 on input line 50.
Package caption Info: Begin \AtBeginDocument code.
Package caption Info: End \AtBeginDocument code.
LaTeX Font Info:    Trying to load font information for T1+phv on input line 70
.

("C:\Users\Bill\AppData\Local\Programs\MiKTeX 2.9\tex/latex/psnfss\t1phv.fd"
File: t1phv.fd 2001/06/04 scalable font definitions for T1/phv.
)
<figs/uzh_logo_e.pdf, id=286, 181.78688pt x 56.90552pt>
File: figs/uzh_logo_e.pdf Graphic file (type pdf)
<use figs/uzh_logo_e.pdf>
Package pdftex.def Info: figs/uzh_logo_e.pdf  used on input line 70.
(pdftex.def)             Requested size: 193.47882pt x 60.567pt.
LaTeX Font Info:    Font shape `T1/phv/bx/n' in size <24.88> not available
(Font)              Font shape `T1/phv/b/n' tried instead on input line 70.
<figs/ifi_logo.pdf, id=287, 117.95413pt x 135.26477pt>
File: figs/ifi_logo.pdf Graphic file (type pdf)
<use figs/ifi_logo.pdf>
Package pdftex.def Info: figs/ifi_logo.pdf  used on input line 70.
(pdftex.def)             Requested size: 39.83368pt x 45.67981pt.

Overfull \hbox (11.44643pt too wide) in paragraph at lines 70--70
[] []  [] 
 []

[1

{C:/Users/Bill/AppData/Local/MiKTeX/2.9/pdftex/config/pdftex.map} <./figs/uzh_l
ogo_e.pdf> <./figs/ifi_logo.pdf>]
LaTeX Font Info:    Trying to load font information for U+msa on input line 73.


("C:\Users\Bill\AppData\Local\Programs\MiKTeX 2.9\tex/latex/amsfonts\umsa.fd"
File: umsa.fd 2013/01/14 v3.01 AMS symbols A
)
LaTeX Font Info:    Trying to load font information for U+msb on input line 73.


("C:\Users\Bill\AppData\Local\Programs\MiKTeX 2.9\tex/latex/amsfonts\umsb.fd"
File: umsb.fd 2013/01/14 v3.01 AMS symbols B
)
LaTeX Font Info:    Trying to load font information for U+lasy on input line 73
.

("C:\Users\Bill\AppData\Local\Programs\MiKTeX 2.9\tex/latex/base\ulasy.fd"
File: ulasy.fd 1998/08/17 v2.2e LaTeX symbol font definitions
)
Underfull \hbox (badness 10000) in alignment at lines 73--73
[] 
 []


Underfull \hbox (badness 10000) in paragraph at lines 73--73

 []

[2] (chapters/abstract.tex [1

] [2

]) (chapters/acknowledgments.tex [3] [4

])
[5] [6

] (thesis.toc [7] [8])
\tf@toc=\write6
\openout6 = `thesis.toc'.

 [9] [10

] (chapters/introduction.tex
Chapter 1.
pdfTeX warning (ext4): destination with the same identifier (name{page.1}) has 
been already used, duplicate ignored
<to be read again> 
                   \relax 
l.28 
      [1

]pdfTeX warning (ext4): destination with the same identifier (name{page.2}) has
 been already used, duplicate ignored
<to be read again> 
                   \relax 
l.51 	
       [2]
Underfull \hbox (badness 10000) in paragraph at lines 64--65

 []


Underfull \hbox (badness 10000) in paragraph at lines 66--67

 []

LaTeX Font Info:    Trying to load font information for T1+aett on input line 6
8.
("C:\Users\Bill\AppData\Local\Programs\MiKTeX 2.9\tex/latex/ae\t1aett.fd"
File: t1aett.fd 1997/11/16 Font definitions for T1/aett.
)
Underfull \hbox (badness 10000) in paragraph at lines 68--69

 []

[3]) (chapters/background.tex [4]
Chapter 2.
<figs/ch2/bc-chart.png, id=489, 344.9688pt x 342.078pt>
File: figs/ch2/bc-chart.png Graphic file (type png)
<use figs/ch2/bc-chart.png>
Package pdftex.def Info: figs/ch2/bc-chart.png  used on input line 13.
(pdftex.def)             Requested size: 227.62204pt x 225.71997pt.

LaTeX Warning: `!h' float specifier changed to `!ht'.

[5

] [6 <./figs/ch2/bc-chart.png>] [7] [8]
Overfull \hbox (4.28668pt too wide) in paragraph at lines 110--111
[]\T1/aer/bx/n/12 Strong Au-then-ti-ca-tion \T1/aer/m/n/12 was re-quested by th
e Eu-ro-pean Bank-ing Au-thor-ity (EBA)
 []

[9]) (chapters/relatedwork.tex [10]
Chapter 3.
<figs/ch3/switch-federation.png, id=610, 758.08218pt x 632.3625pt>
File: figs/ch3/switch-federation.png Graphic file (type png)
<use figs/ch3/switch-federation.png>
Package pdftex.def Info: figs/ch3/switch-federation.png  used on input line 17.

(pdftex.def)             Requested size: 250.38562pt x 208.85396pt.
[11

]
Overfull \hbox (1.04193pt too wide) in paragraph at lines 40--41
[]\T1/aer/m/n/12 High se-cu-rity (SWITCHaai ba-sis, con-trolled guide-lines and
 high-quality at-tributes). 
 []

[12 <./figs/ch3/switch-federation.png>]
<figs/ch3/eduid-vs-aai.png, id=641, 1003.75pt x 587.19376pt>
File: figs/ch3/eduid-vs-aai.png Graphic file (type png)
<use figs/ch3/eduid-vs-aai.png>
Package pdftex.def Info: figs/ch3/eduid-vs-aai.png  used on input line 57.
(pdftex.def)             Requested size: 273.14922pt x 159.78984pt.
<figs/ch3/eduid-architecture.png, id=646, 1003.75pt x 529.98pt>
File: figs/ch3/eduid-architecture.png Graphic file (type png)
<use figs/ch3/eduid-architecture.png>
Package pdftex.def Info: figs/ch3/eduid-architecture.png  used on input line 69
.
(pdftex.def)             Requested size: 409.71689pt x 216.33086pt.


LaTeX Warning: `h' float specifier changed to `ht'.

[13 <./figs/ch3/eduid-vs-aai.png (PNG copy)>]

pdfTeX warning: pdflatex.exe (file ./figs/ch3/web-sso-diagram.pdf): PDF inclusi
on: found PDF version <1.7>, but at most version <1.5> allowed
<figs/ch3/web-sso-diagram.pdf, id=661, 402.50375pt x 290.08376pt>
File: figs/ch3/web-sso-diagram.pdf Graphic file (type pdf)
<use figs/ch3/web-sso-diagram.pdf>
Package pdftex.def Info: figs/ch3/web-sso-diagram.pdf  used on input line 84.
(pdftex.def)             Requested size: 364.19664pt x 262.4761pt.
[14 <./figs/ch3/eduid-architecture.png> <./figs/ch3/web-sso-diagram.pdf>]
<figs/ch3/node-architecture.png, id=692, 932.62714pt x 678.8218pt>
File: figs/ch3/node-architecture.png Graphic file (type png)
<use figs/ch3/node-architecture.png>
Package pdftex.def Info: figs/ch3/node-architecture.png  used on input line 99.

(pdftex.def)             Requested size: 364.19664pt x 265.0916pt.

[15 <./figs/ch3/node-architecture.png>]
<figs/ch3/accounts-node.png, id=716, 977.6525pt x 271.0125pt>
File: figs/ch3/accounts-node.png Graphic file (type png)
<use figs/ch3/accounts-node.png>
Package pdftex.def Info: figs/ch3/accounts-node.png  used on input line 128.
(pdftex.def)             Requested size: 273.14922pt x 75.71756pt.
 [16 <./figs/ch3/accounts-node.png (PNG copy)>]
<figs/ch3/accounts-transactions.png, id=731, 530.98375pt x 496.85625pt>
File: figs/ch3/accounts-transactions.png Graphic file (type png)
<use figs/ch3/accounts-transactions.png>
Package pdftex.def Info: figs/ch3/accounts-transactions.png  used on input line
 138.
(pdftex.def)             Requested size: 250.38562pt x 234.29576pt.
) (chapters/systemdesign.tex [17 <./figs/ch3/accounts-transactions.png (PNG cop
y)>] [18

]
Chapter 4.
[19]

LaTeX Warning: `!h' float specifier changed to `!ht'.


LaTeX Warning: `!h' float specifier changed to `!ht'.

[20] [21] [22] [23] [24]
Overfull \hbox (5.94911pt too wide) in paragraph at lines 227--228
[]\T1/aer/m/n/12 After the ini-tial anal-y-sis of the pre-vi-ously elicited re-
quire-ments the re-sult-ing Swiss Educhain
 []



pdfTeX warning: pdflatex.exe (file ./figs/ch4/arch-full.pdf): PDF inclusion: fo
und PDF version <1.7>, but at most version <1.5> allowed
<figs/ch4/arch-full.pdf, id=805, 721.69624pt x 138.5175pt>
File: figs/ch4/arch-full.pdf Graphic file (type pdf)
<use figs/ch4/arch-full.pdf>
Package pdftex.def Info: figs/ch4/arch-full.pdf  used on input line 231.
(pdftex.def)             Requested size: 455.24408pt x 87.37639pt.
[25 <./figs/ch4/arch-full.pdf>]

pdfTeX warning: pdflatex.exe (file ./figs/ch4/arch-educhain.pdf): PDF inclusion
: found PDF version <1.7>, but at most version <1.5> allowed
<figs/ch4/arch-educhain.pdf, id=822, 421.575pt x 327.2225pt>
File: figs/ch4/arch-educhain.pdf Graphic file (type pdf)
<use figs/ch4/arch-educhain.pdf>
Package pdftex.def Info: figs/ch4/arch-educhain.pdf  used on input line 245.
(pdftex.def)             Requested size: 364.19664pt x 282.68906pt.
[26 <./figs/ch4/arch-educhain.pdf>] [27] [28]
LaTeX Font Info:    Trying to load font information for TS1+aer on input line 3
33.
LaTeX Font Info:    No file TS1aer.fd. on input line 333.


LaTeX Font Warning: Font shape `TS1/aer/m/n' undefined
(Font)              using `TS1/cmr/m/n' instead
(Font)              for symbol `textbullet' on input line 333.

[29]
Overfull \hbox (5.57117pt too wide) in paragraph at lines 352--354
\T1/aer/m/n/12 Individual level of as-sur-ance for each at-tribute with three d
is-tinct lev-els (low, medium,
 []



pdfTeX warning: pdflatex.exe (file ./figs/ch4/iam-diagram.pdf): PDF inclusion: 
found PDF version <1.7>, but at most version <1.5> allowed
<figs/ch4/iam-diagram.pdf, id=875, 409.53pt x 261.97874pt>
File: figs/ch4/iam-diagram.pdf Graphic file (type pdf)
<use figs/ch4/iam-diagram.pdf>
Package pdftex.def Info: figs/ch4/iam-diagram.pdf  used on input line 371.
(pdftex.def)             Requested size: 273.14922pt x 174.74533pt.
[30 <./figs/ch4/iam-diagram.pdf>]
<figs/ch4/resource-registry.png, id=919, 247.6452pt x 128.6406pt>
File: figs/ch4/resource-registry.png Graphic file (type png)
<use figs/ch4/resource-registry.png>
Package pdftex.def Info: figs/ch4/resource-registry.png  used on input line 381
.
(pdftex.def)             Requested size: 341.43306pt x 177.37306pt.


pdfTeX warning: pdflatex.exe (file ./figs/ch4/iam-trust-diagram.pdf): PDF inclu
sion: found PDF version <1.7>, but at most version <1.5> allowed
<figs/ch4/iam-trust-diagram.pdf, id=926, 408.52625pt x 198.7425pt>
File: figs/ch4/iam-trust-diagram.pdf Graphic file (type pdf)
<use figs/ch4/iam-trust-diagram.pdf>
Package pdftex.def Info: figs/ch4/iam-trust-diagram.pdf  used on input line 395
.
(pdftex.def)             Requested size: 273.14922pt x 132.88991pt.
[31 <./figs/ch4/resource-registry.png>]
<figs/ch4/classic-attribute-model.png, id=941, 1003.75pt x 725.71124pt>
File: figs/ch4/classic-attribute-model.png Graphic file (type png)
<use figs/ch4/classic-attribute-model.png>
Package pdftex.def Info: figs/ch4/classic-attribute-model.png  used on input li
ne 413.
(pdftex.def)             Requested size: 223.0721pt x 161.27368pt.
<figs/ch4/extended-attribute-model.png, id=942, 1003.75pt x 749.80125pt>
File: figs/ch4/extended-attribute-model.png Graphic file (type png)
<use figs/ch4/extended-attribute-model.png>
Package pdftex.def Info: figs/ch4/extended-attribute-model.png  used on input l
ine 418.
(pdftex.def)             Requested size: 223.0721pt x 166.62717pt.
 [32 <./figs/ch4/iam-trust-diagram.pdf> <./figs/ch4/classic-attribute-model.png
> <./figs/ch4/extended-attribute-model.png>]

pdfTeX warning: pdflatex.exe (file ./figs/ch4/login-flows.pdf): PDF inclusion: 
found PDF version <1.7>, but at most version <1.5> allowed
<figs/ch4/login-flows.pdf, id=976, 286.06876pt x 265.99374pt>
File: figs/ch4/login-flows.pdf Graphic file (type pdf)
<use figs/ch4/login-flows.pdf>
Package pdftex.def Info: figs/ch4/login-flows.pdf  used on input line 428.
(pdftex.def)             Requested size: 341.43306pt x 317.4781pt.

Underfull \vbox (badness 1005) has occurred while \output is active []

 [33 <./figs/ch4/login-flows.pdf>]

pdfTeX warning: pdflatex.exe (file ./figs/ch4/login-sequence.pdf): PDF inclusio
n: found PDF version <1.7>, but at most version <1.5> allowed
<figs/ch4/login-sequence.pdf, id=996, 775.89874pt x 511.9125pt>
File: figs/ch4/login-sequence.pdf Graphic file (type pdf)
<use figs/ch4/login-sequence.pdf>
Package pdftex.def Info: figs/ch4/login-sequence.pdf  used on input line 467.
(pdftex.def)             Requested size: 455.24408pt x 300.36198pt.

LaTeX Warning: `h' float specifier changed to `ht'.

[34]
Underfull \vbox (badness 4291) has occurred while \output is active []

 [35 <./figs/ch4/login-sequence.pdf>]
Overfull \hbox (1.56522pt too wide) in paragraph at lines 488--490
\T1/aer/m/n/12 At least one linked af-fil-i-a-tion ex-ists, checked through the
 \T1/aett/m/n/12 swissE-duIDLinkedAf-
 []

[36]

pdfTeX warning: pdflatex.exe (file ./figs/ch4/identity-mapping.pdf): PDF inclus
ion: found PDF version <1.7>, but at most version <1.5> allowed
<figs/ch4/identity-mapping.pdf, id=1029, 538.01pt x 338.26375pt>
File: figs/ch4/identity-mapping.pdf Graphic file (type pdf)
<use figs/ch4/identity-mapping.pdf>
Package pdftex.def Info: figs/ch4/identity-mapping.pdf  used on input line 518.

(pdftex.def)             Requested size: 455.24408pt x 286.23pt.
[37 <./figs/ch4/identity-mapping.pdf>]) (chapters/implementation.tex [38]
Chapter 5.
<figs/ch5/shib-sp.png, id=1070, 199.74625pt x 151.06438pt>
File: figs/ch5/shib-sp.png Graphic file (type png)
<use figs/ch5/shib-sp.png>
Package pdftex.def Info: figs/ch5/shib-sp.png  used on input line 16.
(pdftex.def)             Requested size: 227.62204pt x 172.15523pt.
[39

]
Underfull \hbox (badness 10000) in paragraph at lines 26--27

 []

Package hyperref Info: bookmark level for unknown lstlisting defaults to 0 on i
nput line 29.

LaTeX Font Warning: Font shape `T1/aett/bx/n' undefined
(Font)              using `T1/aett/m/n' instead on input line 30.


Underfull \hbox (badness 10000) in paragraph at lines 35--36

 []


Underfull \hbox (badness 10000) in paragraph at lines 47--49

 []

[40 <./figs/ch5/shib-sp.png>]
Underfull \hbox (badness 10000) in paragraph at lines 60--61

 []

[41]
Overfull \hbox (7.30547pt too wide) in paragraph at lines 94--95
\T1/aer/m/n/12 Educhain to func-tion. Swiss Educhain states in the Re-source De
-scrip-tion in the SWITCHaai
 []

<figs/ch5/sso-session-attributes.png, id=1139, 1293.33188pt x 685.8122pt>
File: figs/ch5/sso-session-attributes.png Graphic file (type png)
<use figs/ch5/sso-session-attributes.png>
Package pdftex.def Info: figs/ch5/sso-session-attributes.png  used on input lin
e 109.
(pdftex.def)             Requested size: 341.43306pt x 181.0487pt.
[42 <./figs/ch5/sso-session-attributes.png>] [43]
<figs/ch5/frontend-accounts-cropped.png, id=1159, 584.1825pt x 456.95718pt>
File: figs/ch5/frontend-accounts-cropped.png Graphic file (type png)
<use figs/ch5/frontend-accounts-cropped.png>
Package pdftex.def Info: figs/ch5/frontend-accounts-cropped.png  used on input 
line 161.
(pdftex.def)             Requested size: 273.14922pt x 213.66823pt.

Underfull \hbox (badness 10000) in paragraph at lines 176--177

 []

[44 <./figs/ch5/frontend-accounts-cropped.png>]
Underfull \hbox (badness 10000) in paragraph at lines 191--192

 []


Underfull \hbox (badness 10000) in paragraph at lines 217--219

 []

[45]
Underfull \hbox (badness 10000) in paragraph at lines 245--246

 []

[46]
Underfull \hbox (badness 10000) in paragraph at lines 291--292

 []

[47] [48] [49]
Underfull \hbox (badness 10000) in paragraph at lines 432--433

 []

[50]
Underfull \hbox (badness 10000) in paragraph at lines 465--466

 []

[51]
Underfull \hbox (badness 10000) in paragraph at lines 511--513

 []

<figs/ch5/frontend-issuer.png, id=1435, 1196.97188pt x 351.56343pt>
File: figs/ch5/frontend-issuer.png Graphic file (type png)
<use figs/ch5/frontend-issuer.png>
Package pdftex.def Info: figs/ch5/frontend-issuer.png  used on input line 517.
(pdftex.def)             Requested size: 455.24408pt x 133.70813pt.
[52]) (chapters/evaluation.tex [53 <./figs/ch5/frontend-issuer.png>] [54

]
Chapter 6.

Overfull \hbox (14.97743pt too wide) in paragraph at lines 15--16
\T1/aer/m/n/12 tribute and al-low is-su-ing cer-tifi-cates if the value is \T1/
aett/m/n/12 staff@uzh.ch \T1/aer/m/n/12 or \T1/aett/m/n/12 fac-ulty@uzh.ch\T1/a
er/m/n/12 . 
 []

[55] [56] [57]
Overfull \hbox (0.59999pt too wide) in paragraph at lines 104--106
\T1/aer/m/n/12 Detail changes are au-to-mat-i-cally de-tected and up-dated, if 
needed, by the \T1/aett/m/n/12 load-account
 []


Underfull \hbox (badness 10000) in paragraph at lines 145--149

 []

[58]) (chapters/conclusion.tex [59] [60

]
Chapter 7.
[61] [62]) [63] [64

]
Overfull \hbox (11.82838pt too wide) in paragraph at lines 101--101
[]\T1/aer/m/it/12 Digital diplo-mas | MIT Reg-is-trar\T1/aer/m/n/12 . \T1/aer/m
/sc/12 url\T1/aer/m/n/12 : []$\T1/aett/bx/n/12 https : / / registrar . mit . ed
u / transcripts -[]
 []


Overfull \hbox (5.89813pt too wide) in paragraph at lines 101--101
[]\T1/aer/m/it/12 Home Page | Trust :: Data\T1/aer/m/n/12 . \T1/aer/m/sc/12 url
\T1/aer/m/n/12 : []$\T1/aett/bx/n/12 https : / / trust . mit . edu/$[] \T1/aer/
m/n/12 (vis-ited on 02/24/2020). 
 []


Overfull \hbox (3.88799pt too wide) in paragraph at lines 101--101
[]\T1/aer/m/it/12 Hyperledger Wiki\T1/aer/m/n/12 . \T1/aer/m/sc/12 url\T1/aer/m
/n/12 : []$\T1/aett/bx/n/12 https : / / wiki . hyperledger . org/$[] \T1/aer/m/
n/12 (vis-ited on 02/24/2020). 
 []


Overfull \hbox (17.0221pt too wide) in paragraph at lines 101--101
[]\T1/aer/m/n/12 Mller Si-mon. \T1/aer/m/it/12 De-sign and Im-ple-men-ta-tion 
of a Data-Agnostic Struc-ture for Blockchain
 []

[65]
Overfull \hbox (27.69994pt too wide) in paragraph at lines 101--101
[]\T1/aer/m/it/12 Identity - So-ci-ol-ogy, Ox-ford Bib-li-ogra-phies\T1/aer/m/n
/12 . \T1/aer/m/sc/12 url\T1/aer/m/n/12 : []$\T1/aett/bx/n/12 https : / / www .
 oxfordbibliographies .
 []


Overfull \hbox (14.87021pt too wide) in paragraph at lines 101--101
\T1/aett/bx/n/12 com / en / information -[] technology / glossary / identity -[
] and -[] access -[] management -[]
 []


Overfull \hbox (6.18587pt too wide) in paragraph at lines 101--101
[]\T1/aer/m/it/12 What is Ac-cess Con-trol? - Def-i-ni-tion from Techo-pe-dia\T
1/aer/m/n/12 . Techo-pe-dia.com. \T1/aer/m/sc/12 url\T1/aer/m/n/12 : []$\T1/aet
t/bx/n/12 https :
 []


Overfull \hbox (20.58595pt too wide) in paragraph at lines 101--101
\T1/aett/bx/n/12 / / www . techopedia . com / definition / 5831 / access -[] co
ntrol$[] \T1/aer/m/n/12 (vis-ited on 01/29/2020). 
 []

[66]
Overfull \hbox (1.39844pt too wide) in paragraph at lines 101--101
[]\T1/aer/m/n/12 Jerinas Gresch. ``An Ed-u-ca-tional Blockchain for the Uni-ver
-sity of Zurich (UZHBC)''.
 []

[67]
Overfull \hbox (2.08209pt too wide) in paragraph at lines 101--101
\T1/aett/bx/n/12 www . switch . ch / edu -[] id / organisations / architecture/
$[] \T1/aer/m/n/12 (vis-ited on 02/09/2020). 
 []

[68]
Overfull \hbox (26.70612pt too wide) in paragraph at lines 101--101
\T1/aett/bx/n/12 stackoverflow . com / questions / 59433434 / corda -[] service
 -[] failed -[] to -[] instantiate$[]
 []


Overfull \hbox (11.92796pt too wide) in paragraph at lines 101--101
[]\T1/aer/m/it/12 UZH Blockchain Cen-tre\T1/aer/m/n/12 . \T1/aer/m/sc/12 url\T1
/aer/m/n/12 : []$\T1/aett/bx/n/12 http : / / blockchain . uzh . ch/$[] \T1/aer/
m/n/12 (vis-ited on 10/12/2019). 
 []


Overfull \hbox (4.7976pt too wide) in paragraph at lines 101--101
[]\T1/aer/m/n/12 Lukas Haem-merle. \T1/aer/m/it/12 Se-crets of the edu-ID pass-
words\T1/aer/m/n/12 . SWITCH Iden-tity Blog. Aug. 13,
 []

[69]
Overfull \hbox (12.37021pt too wide) in paragraph at lines 101--101
\T1/aett/bx/n/12 switch . ch / export / sites / projects / eduid / .galleries /
 documents / 1 _ 20140813 _
 []


Overfull \hbox (8.25005pt too wide) in paragraph at lines 101--101
[]$\T1/aett/bx/n/12 https : / / www . switch . ch / aai / guides / sp / access 
-[] rules/$[] \T1/aer/m/n/12 (vis-ited on 02/25/2020). 
 []

(chapters/abbreviations.tex [70])
Underfull \hbox (badness 10000) in paragraph at lines 5--104

 []

[71

] [72] (thesis.lof)
\tf@lof=\write7
\openout7 = `thesis.lof'.

 [73

] [74

] (thesis.lot)
\tf@lot=\write8
\openout8 = `thesis.lot'.

 (chapters/appendix.tex [75]
[76

]
Appendix A.
[77]
Overfull \hbox (3.64609pt too wide) in paragraph at lines 40--41
[]\T1/aer/m/n/12 The \T1/aett/bx/n/12 clients-VERSION.jar \T1/aer/m/n/12 file w
ill be cre-ated in-side the \T1/aett/bx/n/12 /clients/build/libs
 []

[78]
Appendix B.

Underfull \hbox (badness 10000) in paragraph at lines 61--62

 []

[79

] [80

]
Appendix C.

Underfull \hbox (badness 10000) in paragraph at lines 263--264

 []


Underfull \hbox (badness 10000) in paragraph at lines 264--265

 []


Underfull \hbox (badness 10000) in paragraph at lines 265--266

 []


Underfull \hbox (badness 10000) in paragraph at lines 266--267

 []


Underfull \hbox (badness 10000) in paragraph at lines 267--268

 []


Underfull \hbox (badness 10000) in paragraph at lines 268--269

 []

)
Package atveryend Info: Empty hook `BeforeClearDocument' on input line 112.
 [81]
Package atveryend Info: Empty hook `AfterLastShipout' on input line 112.
 (thesis.aux)
Package atveryend Info: Executing hook `AtVeryEndDocument' on input line 112.
Package atveryend Info: Executing hook `AtEndAfterFileList' on input line 112.
Package rerunfilecheck Info: File `thesis.out' has not changed.
(rerunfilecheck)             Checksum: 56950B84D23E7436F07D288E606A664C;4660.


LaTeX Font Warning: Some font shapes were not available, defaults substituted.

Package logreq Info: Writing requests to 'thesis.run.xml'.
\openout1 = `thesis.run.xml'.

Package atveryend Info: Empty hook `AtVeryVeryEnd' on input line 112.
 ) 
Here is how much of TeX's memory you used:
 21288 strings out of 492452
 358952 string characters out of 3120530
 1025432 words of memory out of 3000000
 24667 multiletter control sequences out of 15000+200000
 60546 words of font info for 100 fonts, out of 3000000 for 9000
 1143 hyphenation exceptions out of 8191
 44i,10n,64p,1636b,3434s stack positions out of 5000i,500n,10000p,200000b,50000s
 <C:\Users\Bill\AppData\Local\MiKTeX\2.9\fonts/pk/ljfour/jknappen/ec/dpi600\t
crm1200.pk>{C:/Users/Bill/AppData/Local/Programs/MiKTeX 2.9/fonts/enc/dvips/bas
e/8r.enc}<C:/Users/Bill/AppData/Local/Programs/MiKTeX 2.9/fonts/type1/public/am
sfonts/cm/cmbx12.pfb><C:/Users/Bill/AppData/Local/Programs/MiKTeX 2.9/fonts/typ
e1/public/amsfonts/cm/cmcsc10.pfb><C:/Users/Bill/AppData/Local/Programs/MiKTeX 
2.9/fonts/type1/public/amsfonts/cm/cmr10.pfb><C:/Users/Bill/AppData/Local/Progr
ams/MiKTeX 2.9/fonts/type1/public/amsfonts/cm/cmr12.pfb><C:/Users/Bill/AppData/
Local/Programs/MiKTeX 2.9/fonts/type1/public/amsfonts/cm/cmr8.pfb><C:/Users/Bil
l/AppData/Local/Programs/MiKTeX 2.9/fonts/type1/public/amsfonts/cm/cmsl12.pfb><
C:/Users/Bill/AppData/Local/Programs/MiKTeX 2.9/fonts/type1/public/amsfonts/cm/
cmsy10.pfb><C:/Users/Bill/AppData/Local/Programs/MiKTeX 2.9/fonts/type1/public/
amsfonts/cm/cmti12.pfb><C:/Users/Bill/AppData/Local/Programs/MiKTeX 2.9/fonts/t
ype1/public/amsfonts/cm/cmtt10.pfb><C:/Users/Bill/AppData/Local/Programs/MiKTeX
 2.9/fonts/type1/public/amsfonts/cm/cmtt12.pfb><C:/Users/Bill/AppData/Local/Pro
grams/MiKTeX 2.9/fonts/type1/public/amsfonts/cm/cmtt8.pfb><C:/Users/Bill/AppDat
a/Local/Programs/MiKTeX 2.9/fonts/type1/urw/helvetic/uhvb8a.pfb><C:/Users/Bill/
AppData/Local/Programs/MiKTeX 2.9/fonts/type1/urw/helvetic/uhvr8a.pfb><C:/Users
/Bill/AppData/Local/Programs/MiKTeX 2.9/fonts/type1/urw/helvetic/uhvro8a.pfb>
Output written on thesis.pdf (93 pages, 2121713 bytes).
PDF statistics:
 2015 PDF objects out of 2073 (max. 8388607)
 559 named destinations out of 1000 (max. 500000)
 689 words of extra memory for PDF output out of 10000 (max. 10000000)

